Using pre-set license
Built from '2021.1/staging' branch; Version is '2021.1.7f1 (d91830b65d9b) revision 14227504'; Using compiler version '192528614'; Build Type 'Release'
OS: 'Windows 10 Home; OS build 19043.1110; Version 2009; 64bit' Language: 'en' Physical Memory: 8039 MB
BatchMode: 1, IsHumanControllingUs: 0, StartBugReporterOnCrash: 0, Is64bit: 1, IsPro: 0

 COMMAND LINE ARGUMENTS:
C:\Program Files\Unity\Hub\Editor\2021.1.7f1\Editor\Unity.exe
-adb2
-batchMode
-noUpm
-name
AssetImportWorker0
-projectPath
C:/Users/prita/OneDrive/Documents/Archery Garden
-logFile
Logs/AssetImportWorker0.log
-srvPort
60094
Successfully changed project path to: C:/Users/prita/OneDrive/Documents/Archery Garden
C:/Users/prita/OneDrive/Documents/Archery Garden
Using Asset Import Pipeline V2.
Refreshing native plugins compatible for Editor in 97.42 ms, found 0 plugins.
Preloading 0 native plugins for Editor in 0.00 ms.
Initialize engine version: 2021.1.7f1 (d91830b65d9b)
[Subsystems] Discovering subsystems at path C:/Program Files/Unity/Hub/Editor/2021.1.7f1/Editor/Data/Resources/UnitySubsystems
[Subsystems] Discovering subsystems at path C:/Users/prita/OneDrive/Documents/Archery Garden/Assets
GfxDevice: creating device client; threaded=0; jobified=0
Direct3D:
    Version:  Direct3D 11.0 [level 11.1]
    Renderer: Intel(R) UHD Graphics 620 (ID=0x3ea0)
    Vendor:   Intel
    VRAM:     4019 MB
    Driver:   24.20.100.6287
Initialize mono
Mono path[0] = 'C:/Program Files/Unity/Hub/Editor/2021.1.7f1/Editor/Data/Managed'
Mono path[1] = 'C:/Program Files/Unity/Hub/Editor/2021.1.7f1/Editor/Data/MonoBleedingEdge/lib/mono/unityjit'
Mono config path = 'C:/Program Files/Unity/Hub/Editor/2021.1.7f1/Editor/Data/MonoBleedingEdge/etc'
Using monoOptions --debugger-agent=transport=dt_socket,embedding=1,server=y,suspend=n,address=127.0.0.1:56556
Begin MonoManager ReloadAssembly
Registering precompiled unity dll's ...
Register platform support module: C:/Program Files/Unity/Hub/Editor/2021.1.7f1/Editor/Data/PlaybackEngines/WindowsStandaloneSupport/UnityEditor.WindowsStandalone.Extensions.dll
Registered in 0.165895 seconds.
Native extension for WindowsStandalone target not found
Refreshing native plugins compatible for Editor in 51.25 ms, found 0 plugins.
Preloading 0 native plugins for Editor in 0.00 ms.
Mono: successfully reloaded assembly
- Completed reload, in  7.250 seconds
Platform modules already initialized, skipping
Registering precompiled user dll's ...
Registered in 0.076013 seconds.
Begin MonoManager ReloadAssembly
Native extension for WindowsStandalone target not found
Refreshing native plugins compatible for Editor in 0.41 ms, found 0 plugins.
Preloading 0 native plugins for Editor in 0.00 ms.
Mono: successfully reloaded assembly
- Completed reload, in  2.636 seconds
Platform modules already initialized, skipping
========================================================================
Worker process is ready to serve import requests
Launched and connected shader compiler UnityShaderCompiler.exe after 0.06 seconds
Refreshing native plugins compatible for Editor in 0.40 ms, found 0 plugins.
Preloading 0 native plugins for Editor in 0.00 ms.
Unloading 1164 Unused Serialized files (Serialized files now loaded: 0)
System memory in use before: 134.7 MB.
System memory in use after: 134.7 MB.

Unloading 10 unused Assets to reduce memory usage. Loaded Objects now: 1632.
Total: 2.396300 ms (FindLiveObjects: 0.133500 ms CreateObjectMapping: 0.045700 ms MarkObjects: 2.125500 ms  DeleteObjects: 0.089800 ms)

========================================================================
Received Import Request.
  path: Assets/blackfade.prefab
  artifactKey: Guid(7d539737a7c59164b9f0007c7365af19) Importer(815301076,1909f56bfc062723c751e8b465ee728b)
Start importing Assets/blackfade.prefab using Guid(7d539737a7c59164b9f0007c7365af19) Importer(815301076,1909f56bfc062723c751e8b465ee728b)  -> (artifact id: '234624bda6738f78eeb30978e6fbc3f3') in 0.069646 seconds 
========================================================================
Received Import Request.
  Time since last request: 0.000456 seconds.
  path: Assets/Arrow Impact Pull Out 2 Sound FX Military.mp3
  artifactKey: Guid(df04c150ac2aad643a47318cdb3d852b) Importer(815301076,1909f56bfc062723c751e8b465ee728b)
Start importing Assets/Arrow Impact Pull Out 2 Sound FX Military.mp3 using Guid(df04c150ac2aad643a47318cdb3d852b) Importer(815301076,1909f56bfc062723c751e8b465ee728b)  -> (artifact id: '0e1be72b71ecff46545da7d3400cf014') in 0.109359 seconds 
========================================================================
Received Import Request.
  Time since last request: 0.000306 seconds.
  path: Assets/Button.prefab
  artifactKey: Guid(72b1b80fb835561449e1b0649b2bc9e9) Importer(815301076,1909f56bfc062723c751e8b465ee728b)
Start importing Assets/Button.prefab using Guid(72b1b80fb835561449e1b0649b2bc9e9) Importer(815301076,1909f56bfc062723c751e8b465ee728b)  -> (artifact id: '72050d10d950f9b1185469cf6c71f6d4') in 0.024737 seconds 
========================================================================
Received Import Request.
  Time since last request: 0.000243 seconds.
  path: Assets/Playtime LOOP.wav
  artifactKey: Guid(87696bb03d2936042a7037632ad484aa) Importer(815301076,1909f56bfc062723c751e8b465ee728b)
Start importing Assets/Playtime LOOP.wav using Guid(87696bb03d2936042a7037632ad484aa) Importer(815301076,1909f56bfc062723c751e8b465ee728b)  -> (artifact id: 'eb2fb3a65cc6c7e83ec382ef636072bf') in 0.021697 seconds 
========================================================================
Received Import Request.
  Time since last request: 0.000234 seconds.
  path: Assets/miguel-lobo-japanese-garden-2.jpg
  artifactKey: Guid(8a311f7b8a14d554dbd7f42a2bf0c40e) Importer(815301076,1909f56bfc062723c751e8b465ee728b)
Start importing Assets/miguel-lobo-japanese-garden-2.jpg using Guid(8a311f7b8a14d554dbd7f42a2bf0c40e) Importer(815301076,1909f56bfc062723c751e8b465ee728b)  -> (artifact id: '36425f29c7560788d554bd4e821d14d6') in 0.170007 seconds 
========================================================================
Received Import Request.
  Time since last request: 0.000318 seconds.
  path: Assets/rmyc0qs0lH.jpg
  artifactKey: Guid(54e97923fb7170d438b2b270e96e7f80) Importer(815301076,1909f56bfc062723c751e8b465ee728b)
Start importing Assets/rmyc0qs0lH.jpg using Guid(54e97923fb7170d438b2b270e96e7f80) Importer(815301076,1909f56bfc062723c751e8b465ee728b)  -> (artifact id: 'c9d90240dfb1fc2fd2caa8278a284a4b') in 0.018677 seconds 
========================================================================
Received Import Request.
  Time since last request: 0.000222 seconds.
  path: Assets/Triumphant Victory.wav
  artifactKey: Guid(d779e6f927c3c394c803e2c07f59012a) Importer(815301076,1909f56bfc062723c751e8b465ee728b)
Start importing Assets/Triumphant Victory.wav using Guid(d779e6f927c3c394c803e2c07f59012a) Importer(815301076,1909f56bfc062723c751e8b465ee728b)  -> (artifact id: '5f80805d21d9884806a51369d8d75c6a') in 0.014676 seconds 
========================================================================
Received Import Request.
  Time since last request: 0.000232 seconds.
  path: Assets/ARROW_Hit_Metal_Armor_stereo.wav
  artifactKey: Guid(fd19964ad42369249a9981b0c1409eb5) Importer(815301076,1909f56bfc062723c751e8b465ee728b)
Start importing Assets/ARROW_Hit_Metal_Armor_stereo.wav using Guid(fd19964ad42369249a9981b0c1409eb5) Importer(815301076,1909f56bfc062723c751e8b465ee728b)  -> (artifact id: '94050a409f51576ca5a35de1dabee6e8') in 0.014498 seconds 
========================================================================
Received Import Request.
  Time since last request: 0.000273 seconds.
  path: Assets/Button 3.mp3
  artifactKey: Guid(9fa4633c2807a034b91f06ef414b6cd7) Importer(815301076,1909f56bfc062723c751e8b465ee728b)
Start importing Assets/Button 3.mp3 using Guid(9fa4633c2807a034b91f06ef414b6cd7) Importer(815301076,1909f56bfc062723c751e8b465ee728b)  -> (artifact id: '4580e8a8b271867e686fda3fe41a5943') in 0.014675 seconds 
========================================================================
Received Import Request.
  Time since last request: 0.000392 seconds.
  path: Assets/HighMount-PersonalUse.otf
  artifactKey: Guid(9b7fb18c25e8cf44ea505e06a8a8f8f7) Importer(815301076,1909f56bfc062723c751e8b465ee728b)
Start importing Assets/HighMount-PersonalUse.otf using Guid(9b7fb18c25e8cf44ea505e06a8a8f8f7) Importer(815301076,1909f56bfc062723c751e8b465ee728b)  -> (artifact id: 'ae99a2f30cd4ea4e7def0afc93dc4a03') in 0.065423 seconds 
========================================================================
Received Import Request.
  Time since last request: 0.000281 seconds.
  path: Assets/turin-field-archery-1-65c01717-v4my.jpg
  artifactKey: Guid(8f6bf7480382661499b836e655b3da91) Importer(815301076,1909f56bfc062723c751e8b465ee728b)
Start importing Assets/turin-field-archery-1-65c01717-v4my.jpg using Guid(8f6bf7480382661499b836e655b3da91) Importer(815301076,1909f56bfc062723c751e8b465ee728b)  -> (artifact id: '3b5310af9ceed5bba9ce995ee3c2e895') in 0.023330 seconds 
========================================================================
Received Import Request.
  Time since last request: 0.000256 seconds.
  path: Assets/Big-Thuddy-Impact-www.fesliyanstudios.com.mp3
  artifactKey: Guid(b7eaa64fa3169d148b92189e06e545cb) Importer(815301076,1909f56bfc062723c751e8b465ee728b)
Start importing Assets/Big-Thuddy-Impact-www.fesliyanstudios.com.mp3 using Guid(b7eaa64fa3169d148b92189e06e545cb) Importer(815301076,1909f56bfc062723c751e8b465ee728b)  -> (artifact id: '560febe37c3927ca3fa500b3b5153a50') in 0.014459 seconds 
========================================================================
Received Import Request.
  Time since last request: 0.000285 seconds.
  path: Assets/3d632a4043335d14b70c2f2ebf633586.png
  artifactKey: Guid(c6722368d611b164c8e3dcb62db06279) Importer(815301076,1909f56bfc062723c751e8b465ee728b)
Start importing Assets/3d632a4043335d14b70c2f2ebf633586.png using Guid(c6722368d611b164c8e3dcb62db06279) Importer(815301076,1909f56bfc062723c751e8b465ee728b)  -> (artifact id: 'f7d328576dad50392b668cb45226f54c') in 0.049503 seconds 
========================================================================
Received Import Request.
  Time since last request: 0.000225 seconds.
  path: Assets/UBXvWBZsvX.jpg
  artifactKey: Guid(74ba0daee011ad0459a30530f1d0deee) Importer(815301076,1909f56bfc062723c751e8b465ee728b)
Start importing Assets/UBXvWBZsvX.jpg using Guid(74ba0daee011ad0459a30530f1d0deee) Importer(815301076,1909f56bfc062723c751e8b465ee728b)  -> (artifact id: 'ac89777fa4a18796e8b7d0326db6473f') in 0.021612 seconds 
========================================================================
Received Import Request.
  Time since last request: 0.000230 seconds.
  path: Assets/Seamless marble cream tiles pattern texture.jpg
  artifactKey: Guid(4708c784bed08314b81e0ca874f909f7) Importer(815301076,1909f56bfc062723c751e8b465ee728b)
Start importing Assets/Seamless marble cream tiles pattern texture.jpg using Guid(4708c784bed08314b81e0ca874f909f7) Importer(815301076,1909f56bfc062723c751e8b465ee728b)  -> (artifact id: 'd048ade3565622dfc4839daf025f004d') in 0.030344 seconds 
========================================================================
Received Import Request.
  Time since last request: 0.000351 seconds.
  path: Assets/Arrow Impact 1v2 Sound FX Military.mp3
  artifactKey: Guid(32b878f83a5e5e04db9a6e05bb830db7) Importer(815301076,1909f56bfc062723c751e8b465ee728b)
Start importing Assets/Arrow Impact 1v2 Sound FX Military.mp3 using Guid(32b878f83a5e5e04db9a6e05bb830db7) Importer(815301076,1909f56bfc062723c751e8b465ee728b)  -> (artifact id: '3297f01ac9e2b849937a4dc625eaac66') in 0.017797 seconds 
========================================================================
Received Import Request.
  Time since last request: 0.000306 seconds.
  path: Assets/fail.wav
  artifactKey: Guid(5fcd9ecabe7a60c40aceec0e6d2a8cd3) Importer(815301076,1909f56bfc062723c751e8b465ee728b)
Start importing Assets/fail.wav using Guid(5fcd9ecabe7a60c40aceec0e6d2a8cd3) Importer(815301076,1909f56bfc062723c751e8b465ee728b)  -> (artifact id: 'b1f5616e94dadb9163c6171dce5fbdeb') in 0.016457 seconds 
========================================================================
Received Import Request.
  Time since last request: 0.000343 seconds.
  path: Assets/Forest SHORT DEVELOPED LOOP.wav
  artifactKey: Guid(d443c61d85de58242ba43258b812217e) Importer(815301076,1909f56bfc062723c751e8b465ee728b)
Start importing Assets/Forest SHORT DEVELOPED LOOP.wav using Guid(d443c61d85de58242ba43258b812217e) Importer(815301076,1909f56bfc062723c751e8b465ee728b)  -> (artifact id: '8628fee80dc30fa395bc1ff0482ea213') in 0.019284 seconds 
========================================================================
Received Import Request.
  Time since last request: 0.000343 seconds.
  path: Assets/target.prefab
  artifactKey: Guid(fec10471e02ba1e46ae1aaaa6d406382) Importer(815301076,1909f56bfc062723c751e8b465ee728b)
Start importing Assets/target.prefab using Guid(fec10471e02ba1e46ae1aaaa6d406382) Importer(815301076,1909f56bfc062723c751e8b465ee728b)  -> (artifact id: 'd73af212f255f89c2af38b3c7299fe7a') in 0.144694 seconds 
========================================================================
Received Import Request.
  Time since last request: 0.000316 seconds.
  path: Assets/aim.png
  artifactKey: Guid(bd2274e5da570c949b3c2e04771b5c45) Importer(815301076,1909f56bfc062723c751e8b465ee728b)
Start importing Assets/aim.png using Guid(bd2274e5da570c949b3c2e04771b5c45) Importer(815301076,1909f56bfc062723c751e8b465ee728b)  -> (artifact id: 'e1aff4c498c205052969a9bbb39bad6b') in 0.028543 seconds 
========================================================================
Received Import Request.
  Time since last request: 0.000246 seconds.
  path: Assets/VehicleBreaksDown-Regular.ttf
  artifactKey: Guid(58e8185208ab7e64d9de3dfa15298fc0) Importer(815301076,1909f56bfc062723c751e8b465ee728b)
Start importing Assets/VehicleBreaksDown-Regular.ttf using Guid(58e8185208ab7e64d9de3dfa15298fc0) Importer(815301076,1909f56bfc062723c751e8b465ee728b)  -> (artifact id: 'a7180a1311c5c219b9ac0c329b8de2b1') in 0.022822 seconds 
========================================================================
Received Import Request.
  Time since last request: 0.000263 seconds.
  path: Assets/5cb5e54e8c85bc9b4150167dbdfa588d.jpg
  artifactKey: Guid(e2e10f7ecbd472c4b88363730ea9b8b1) Importer(815301076,1909f56bfc062723c751e8b465ee728b)
Start importing Assets/5cb5e54e8c85bc9b4150167dbdfa588d.jpg using Guid(e2e10f7ecbd472c4b88363730ea9b8b1) Importer(815301076,1909f56bfc062723c751e8b465ee728b)  -> (artifact id: '43ce029d75235b8b03f252b8ebb5208f') in 0.031709 seconds 
========================================================================
Received Import Request.
  Time since last request: 0.000287 seconds.
  path: Assets/background.jpg
  artifactKey: Guid(ac733fd48844b004896eb341e712c09d) Importer(815301076,1909f56bfc062723c751e8b465ee728b)
Start importing Assets/background.jpg using Guid(ac733fd48844b004896eb341e712c09d) Importer(815301076,1909f56bfc062723c751e8b465ee728b)  -> (artifact id: '471418c9d5635ef0cb33b1a944eb1adc') in 0.022523 seconds 
========================================================================
Received Import Request.
  Time since last request: 0.000282 seconds.
  path: Assets/Squirk.otf
  artifactKey: Guid(e8b8fd07e893bc94bb9f89f231a1070d) Importer(815301076,1909f56bfc062723c751e8b465ee728b)
Start importing Assets/Squirk.otf using Guid(e8b8fd07e893bc94bb9f89f231a1070d) Importer(815301076,1909f56bfc062723c751e8b465ee728b)  -> (artifact id: 'b45df1997f8935b48bc0c44918e94433') in 0.020115 seconds 
========================================================================
Received Import Request.
  Time since last request: 0.000243 seconds.
  path: Assets/star.png
  artifactKey: Guid(0b1ec0cb0fac3494096fb0be1edcca13) Importer(815301076,1909f56bfc062723c751e8b465ee728b)
Start importing Assets/star.png using Guid(0b1ec0cb0fac3494096fb0be1edcca13) Importer(815301076,1909f56bfc062723c751e8b465ee728b)  -> (artifact id: 'ec366ea9f8bd3bb4f7db070f00da5df5') in 0.027044 seconds 
========================================================================
Received Import Request.
  Time since last request: 0.000292 seconds.
  path: Assets/star.wav
  artifactKey: Guid(300d144cbea54214c996b8b04c84f464) Importer(815301076,1909f56bfc062723c751e8b465ee728b)
Start importing Assets/star.wav using Guid(300d144cbea54214c996b8b04c84f464) Importer(815301076,1909f56bfc062723c751e8b465ee728b)  -> (artifact id: '71f54c8b44fa58ba70861c319dbc0a63') in 0.015594 seconds 
========================================================================
Received Import Request.
  Time since last request: 0.000230 seconds.
  path: Assets/Affirmative Voice 1.mp3
  artifactKey: Guid(e533d5bbe8e08fa46a48036663810712) Importer(815301076,1909f56bfc062723c751e8b465ee728b)
Start importing Assets/Affirmative Voice 1.mp3 using Guid(e533d5bbe8e08fa46a48036663810712) Importer(815301076,1909f56bfc062723c751e8b465ee728b)  -> (artifact id: '2d2bb7013493718cc21723c778f16e68') in 0.015517 seconds 
========================================================================
Received Import Request.
  Time since last request: 0.000245 seconds.
  path: Assets/Negative Voice 2.mp3
  artifactKey: Guid(26c66f95720b62a4ea2f1c065a124ffe) Importer(815301076,1909f56bfc062723c751e8b465ee728b)
Start importing Assets/Negative Voice 2.mp3 using Guid(26c66f95720b62a4ea2f1c065a124ffe) Importer(815301076,1909f56bfc062723c751e8b465ee728b)  -> (artifact id: '1d6f4d4b142b70330bf8b05d3756e7e9') in 0.015629 seconds 
========================================================================
Received Import Request.
  Time since last request: 0.000266 seconds.
  path: Assets/UI_Animate_Clean_Beeps_Appear_stereo.wav
  artifactKey: Guid(2baff0389c2e0734dbbf5b1a9a1f11c3) Importer(815301076,1909f56bfc062723c751e8b465ee728b)
Start importing Assets/UI_Animate_Clean_Beeps_Appear_stereo.wav using Guid(2baff0389c2e0734dbbf5b1a9a1f11c3) Importer(815301076,1909f56bfc062723c751e8b465ee728b)  -> (artifact id: 'a150529622b9475305240b69980a9f44') in 0.015306 seconds 
========================================================================
Received Import Request.
  Time since last request: 24.092264 seconds.
  path: Assets/Animation
  artifactKey: Guid(9ede7890d126bd34ba4722e0a6a7d020) Importer(815301076,1909f56bfc062723c751e8b465ee728b)
Start importing Assets/Animation using Guid(9ede7890d126bd34ba4722e0a6a7d020) Importer(815301076,1909f56bfc062723c751e8b465ee728b)  -> (artifact id: 'b3e5a1f1e0a2e7739e224c4132c16305') in 0.007175 seconds 
========================================================================
Received Import Request.
  Time since last request: 5.911853 seconds.
  path: Assets/Animation/popup.anim
  artifactKey: Guid(753401a8b2b1c8340814176eda5a48fa) Importer(815301076,1909f56bfc062723c751e8b465ee728b)
Start importing Assets/Animation/popup.anim using Guid(753401a8b2b1c8340814176eda5a48fa) Importer(815301076,1909f56bfc062723c751e8b465ee728b)  -> (artifact id: '616bcdd5b326dc988f4cd939dc54c6d3') in 0.009730 seconds 
========================================================================
Received Import Request.
  Time since last request: 22.714630 seconds.
  path: Assets/Animation/fadeIn.anim
  artifactKey: Guid(a2c69752414484e4780d9d2fa37a168f) Importer(815301076,1909f56bfc062723c751e8b465ee728b)
Start importing Assets/Animation/fadeIn.anim using Guid(a2c69752414484e4780d9d2fa37a168f) Importer(815301076,1909f56bfc062723c751e8b465ee728b)  -> (artifact id: '8e59ca57db5a735ba150c0af1ca2c85a') in 0.009603 seconds 
========================================================================
Received Import Request.
  Time since last request: 70.346916 seconds.
  path: Assets/Animation/fadeOut.anim
  artifactKey: Guid(1bcd0750507cd39409501a98bf40d31c) Importer(815301076,1909f56bfc062723c751e8b465ee728b)
Start importing Assets/Animation/fadeOut.anim using Guid(1bcd0750507cd39409501a98bf40d31c) Importer(815301076,1909f56bfc062723c751e8b465ee728b)  -> (artifact id: '2b7f65eb825c08508c9ace76446874d9') in 0.009614 seconds 
AssetImportWorkerClient::OnTransportError - code=2 error=End of file
